-------------------------------------------------------------------------------
Test set: com.example.rentalproperty.Demo2ApplicationTests
-------------------------------------------------------------------------------
Tests run: 6, Failures: 0, Errors: 3, Skipped: 0, Time elapsed: 5.820 s <<< FAILURE! -- in com.example.rentalproperty.Demo2ApplicationTests
com.example.rentalproperty.Demo2ApplicationTests.getAllProperty -- Time elapsed: 0.019 s <<< ERROR!
java.lang.NoClassDefFoundError: org/junit/Assert
	at com.example.rentalproperty.Demo2ApplicationTests.getAllProperty(Demo2ApplicationTests.java:45)
	at java.base/java.lang.reflect.Method.invoke(Method.java:577)
	at java.base/java.util.ArrayList.forEach(ArrayList.java:1511)
	at java.base/java.util.ArrayList.forEach(ArrayList.java:1511)
Caused by: java.lang.ClassNotFoundException: org.junit.Assert
	at java.base/jdk.internal.loader.BuiltinClassLoader.loadClass(BuiltinClassLoader.java:641)
	at java.base/jdk.internal.loader.ClassLoaders$AppClassLoader.loadClass(ClassLoaders.java:188)
	at java.base/java.lang.ClassLoader.loadClass(ClassLoader.java:521)
	... 4 more

com.example.rentalproperty.Demo2ApplicationTests.getPropertyById -- Time elapsed: 0.007 s <<< ERROR!
java.lang.NoClassDefFoundError: org/junit/Assert
	at com.example.rentalproperty.Demo2ApplicationTests.getPropertyById(Demo2ApplicationTests.java:53)
	at java.base/java.lang.reflect.Method.invoke(Method.java:577)
	at java.base/java.util.ArrayList.forEach(ArrayList.java:1511)
	at java.base/java.util.ArrayList.forEach(ArrayList.java:1511)
Caused by: java.lang.ClassNotFoundException: org.junit.Assert
	... 4 more

com.example.rentalproperty.Demo2ApplicationTests.getByCityTest -- Time elapsed: 0.007 s <<< ERROR!
java.lang.NoClassDefFoundError: org/junit/Assert
	at com.example.rentalproperty.Demo2ApplicationTests.getByCityTest(Demo2ApplicationTests.java:86)
	at java.base/java.lang.reflect.Method.invoke(Method.java:577)
	at java.base/java.util.ArrayList.forEach(ArrayList.java:1511)
	at java.base/java.util.ArrayList.forEach(ArrayList.java:1511)
Caused by: java.lang.ClassNotFoundException: org.junit.Assert
	... 4 more

