<?xml version="1.0" encoding="UTF-8"?>
<testsuite xmlns:xsi="http://www.w3.org/2001/XMLSchema-instance" xsi:noNamespaceSchemaLocation="https://maven.apache.org/surefire/maven-surefire-plugin/xsd/surefire-test-report-3.0.xsd" version="3.0" name="com.example.rentalproperty.Demo2ApplicationTests" time="5.82" tests="6" errors="3" skipped="0" failures="0">
  <properties>
[...]
</properties>
  <testcase name="deletePropertyTest" classname="com.example.rentalproperty.Demo2ApplicationTests" time="0.097">
    <system-out><![CDATA[12:48:55.761 [main] INFO org.springframework.test.context.support.AnnotationConfigContextLoaderUtils -- Could not detect default configuration classes for test class [com.example.rentalproperty.Demo2ApplicationTests]: Demo2ApplicationTests does not declare any static, non-private, non-final, nested classes annotated with @Configuration.
12:48:55.918 [main] INFO org.springframework.boot.test.context.SpringBootTestContextBootstrapper -- Found @SpringBootConfiguration com.example.rentalproperty.Demo2Application for test class com.example.rentalproperty.Demo2ApplicationTests
12:48:56.104 [main] INFO org.springframework.boot.devtools.restart.RestartApplicationListener -- Restart disabled due to context in which it is running

  .   ____          _            __ _ _
 /\\ / ___'_ __ _ _(_)_ __  __ _ \ \ \ \
( ( )\___ | '_ | '_| | '_ \/ _` | \ \ \ \
 \\/  ___)| |_)| | | | | || (_| |  ) ) ) )
  '  |____| .__|_| |_|_| |_\__, | / / / /
 =========|_|==============|___/=/_/_/_/
 :: Spring Boot ::                (v3.2.3)

2024-05-25T12:48:56.393+05:30  INFO 12440 --- [           main] c.e.r.Demo2ApplicationTests              : Starting Demo2ApplicationTests using Java 18.0.2.1 with PID 12440 (started by omkum in F:\Code_checkouts\New_Feature)
2024-05-25T12:48:56.395+05:30  INFO 12440 --- [           main] c.e.r.Demo2ApplicationTests              : No active profile set, falling back to 1 default profile: "default"
2024-05-25T12:48:57.257+05:30  INFO 12440 --- [           main] .s.d.r.c.RepositoryConfigurationDelegate : Bootstrapping Spring Data JDBC repositories in DEFAULT mode.
2024-05-25T12:48:57.286+05:30  INFO 12440 --- [           main] .s.d.r.c.RepositoryConfigurationDelegate : Finished Spring Data repository scanning in 21 ms. Found 0 JDBC repository interfaces.
2024-05-25T12:49:00.134+05:30  INFO 12440 --- [           main] com.zaxxer.hikari.HikariDataSource       : HikariPool-1 - Starting...
2024-05-25T12:49:00.836+05:30  INFO 12440 --- [           main] com.zaxxer.hikari.pool.HikariPool        : HikariPool-1 - Added connection com.mysql.cj.jdbc.ConnectionImpl@12421766
2024-05-25T12:49:00.842+05:30  INFO 12440 --- [           main] com.zaxxer.hikari.HikariDataSource       : HikariPool-1 - Start completed.
2024-05-25T12:49:01.147+05:30  INFO 12440 --- [           main] c.e.r.Demo2ApplicationTests              : Started Demo2ApplicationTests in 5.055 seconds (process running for 6.612)
]]></system-out>
  </testcase>
  <testcase name="getAllProperty" classname="com.example.rentalproperty.Demo2ApplicationTests" time="0.019">
    <error message="org/junit/Assert" type="java.lang.NoClassDefFoundError"><![CDATA[java.lang.NoClassDefFoundError: org/junit/Assert
	at com.example.rentalproperty.Demo2ApplicationTests.getAllProperty(Demo2ApplicationTests.java:45)
	at java.base/java.lang.reflect.Method.invoke(Method.java:577)
	at java.base/java.util.ArrayList.forEach(ArrayList.java:1511)
	at java.base/java.util.ArrayList.forEach(ArrayList.java:1511)
Caused by: java.lang.ClassNotFoundException: org.junit.Assert
	at java.base/jdk.internal.loader.BuiltinClassLoader.loadClass(BuiltinClassLoader.java:641)
	at java.base/jdk.internal.loader.ClassLoaders$AppClassLoader.loadClass(ClassLoaders.java:188)
	at java.base/java.lang.ClassLoader.loadClass(ClassLoader.java:521)
	... 4 more
]]></error>
  </testcase>
  <testcase name="getPropertyById" classname="com.example.rentalproperty.Demo2ApplicationTests" time="0.007">
    <error message="org/junit/Assert" type="java.lang.NoClassDefFoundError"><![CDATA[java.lang.NoClassDefFoundError: org/junit/Assert
	at com.example.rentalproperty.Demo2ApplicationTests.getPropertyById(Demo2ApplicationTests.java:53)
	at java.base/java.lang.reflect.Method.invoke(Method.java:577)
	at java.base/java.util.ArrayList.forEach(ArrayList.java:1511)
	at java.base/java.util.ArrayList.forEach(ArrayList.java:1511)
Caused by: java.lang.ClassNotFoundException: org.junit.Assert
	... 4 more
]]></error>
  </testcase>
  <testcase name="getByCityTest" classname="com.example.rentalproperty.Demo2ApplicationTests" time="0.007">
    <error message="org/junit/Assert" type="java.lang.NoClassDefFoundError"><![CDATA[java.lang.NoClassDefFoundError: org/junit/Assert
	at com.example.rentalproperty.Demo2ApplicationTests.getByCityTest(Demo2ApplicationTests.java:86)
	at java.base/java.lang.reflect.Method.invoke(Method.java:577)
	at java.base/java.util.ArrayList.forEach(ArrayList.java:1511)
	at java.base/java.util.ArrayList.forEach(ArrayList.java:1511)
Caused by: java.lang.ClassNotFoundException: org.junit.Assert
	... 4 more
]]></error>
  </testcase>
  <testcase name="contextLoads" classname="com.example.rentalproperty.Demo2ApplicationTests" time="0.004"/>
  <testcase name="addPropertyTest" classname="com.example.rentalproperty.Demo2ApplicationTests" time="0.004"/>
</testsuite>